<?xml version="1.0" encoding="UTF-8"?>
<testExecutions version="1">
  <file path="E:\Code\kp-dashboard\tests\unit\component.project.spec.ts">
    <testCase name="Project.vue wrapper html matches snapshot" duration="11"/>
    <testCase name="Project.vue wrapper element text contains expected project title" duration="3"/>
  </file>
  <file path="E:\Code\kp-dashboard\tests\unit\component.navigation.spec.ts">
    <testCase name="Navigation.vue wrapper html matches snapshot" duration="68"/>
  </file>
</testExecutions>